<?xml version="1.0" encoding="UTF-8"?>
<testsuite failures="0" skip="0" tests="1" name="Acceptance" errors="0">
<testcase classname="Acceptance.Corre" name="[1] Click Home" time="14">
</testcase>
</testsuite>
